2023-02-21 16:30:25.143  INFO - cn.fly.LogApplication                    - [] : Starting LogApplication using Java 1.8.0_65 on YR023-夏宇鑫 with PID 16080 (C:\Users\Administrator\Desktop\log-demo\target\classes started by Administrator in C:\Users\Administrator\Desktop\log-demo)
2023-02-21 16:30:25.155  INFO - cn.fly.LogApplication                    - [] : No active profile set, falling back to 1 default profile: "default"
2023-02-21 16:30:27.742  INFO - o.s.b.w.embedded.tomcat.TomcatWebServer  - [] : Tomcat initialized with port(s): 9999 (http)
2023-02-21 16:30:27.754  INFO - o.a.coyote.http11.Http11NioProtocol      - [] : Initializing ProtocolHandler ["http-nio-9999"]
2023-02-21 16:30:27.756  INFO - o.apache.catalina.core.StandardService   - [] : Starting service [Tomcat]
2023-02-21 16:30:27.756  INFO - org.apache.catalina.core.StandardEngine  - [] : Starting Servlet engine: [Apache Tomcat/9.0.64]
2023-02-21 16:30:28.006  INFO - o.a.c.c.C.[Tomcat].[localhost].[/]       - [] : Initializing Spring embedded WebApplicationContext
2023-02-21 16:30:28.006  INFO - w.s.c.ServletWebServerApplicationContext - [] : Root WebApplicationContext: initialization completed in 2710 ms
2023-02-21 16:30:29.083  WARN - c.b.m.core.metadata.TableInfoHelper      - [] : Can not find table primary key in Class: "cn.fly.logDemo.infoResolver.model.mysql.MysqlTables".
2023-02-21 16:30:29.102  WARN - c.b.m.core.injector.DefaultSqlInjector   - [] : class cn.fly.logDemo.infoResolver.model.mysql.MysqlTables ,Not found @TableId annotation, Cannot use Mybatis-Plus 'xxById' Method.
2023-02-21 16:30:29.218  INFO - o.a.coyote.http11.Http11NioProtocol      - [] : Starting ProtocolHandler ["http-nio-9999"]
2023-02-21 16:30:29.261  INFO - o.s.b.w.embedded.tomcat.TomcatWebServer  - [] : Tomcat started on port(s): 9999 (http) with context path ''
2023-02-21 16:30:29.275  INFO - cn.fly.LogApplication                    - [] : Started LogApplication in 5.828 seconds (JVM running for 8.458)
2023-02-21 16:32:04.381  INFO - o.a.c.c.C.[Tomcat].[localhost].[/]       - [] : Initializing Spring DispatcherServlet 'dispatcherServlet'
2023-02-21 16:32:04.382  INFO - o.s.web.servlet.DispatcherServlet        - [] : Initializing Servlet 'dispatcherServlet'
2023-02-21 16:32:04.383  INFO - o.s.web.servlet.DispatcherServlet        - [] : Completed initialization in 1 ms
2023-02-21 16:33:29.369  INFO - cn.fly.LogApplication                    - [] : Starting LogApplication using Java 1.8.0_65 on YR023-夏宇鑫 with PID 9416 (C:\Users\Administrator\Desktop\log-demo\target\classes started by Administrator in C:\Users\Administrator\Desktop\log-demo)
2023-02-21 16:33:29.378  INFO - cn.fly.LogApplication                    - [] : No active profile set, falling back to 1 default profile: "default"
2023-02-21 16:33:30.947  INFO - o.s.b.w.embedded.tomcat.TomcatWebServer  - [] : Tomcat initialized with port(s): 9999 (http)
2023-02-21 16:33:30.959  INFO - o.a.coyote.http11.Http11NioProtocol      - [] : Initializing ProtocolHandler ["http-nio-9999"]
2023-02-21 16:33:30.960  INFO - o.apache.catalina.core.StandardService   - [] : Starting service [Tomcat]
2023-02-21 16:33:30.961  INFO - org.apache.catalina.core.StandardEngine  - [] : Starting Servlet engine: [Apache Tomcat/9.0.64]
2023-02-21 16:33:31.156  INFO - o.a.c.c.C.[Tomcat].[localhost].[/]       - [] : Initializing Spring embedded WebApplicationContext
2023-02-21 16:33:31.157  INFO - w.s.c.ServletWebServerApplicationContext - [] : Root WebApplicationContext: initialization completed in 1678 ms
2023-02-21 16:33:31.641  WARN - c.b.m.core.metadata.TableInfoHelper      - [] : Can not find table primary key in Class: "cn.fly.logDemo.infoResolver.model.mysql.MysqlTables".
2023-02-21 16:33:31.650  WARN - c.b.m.core.injector.DefaultSqlInjector   - [] : class cn.fly.logDemo.infoResolver.model.mysql.MysqlTables ,Not found @TableId annotation, Cannot use Mybatis-Plus 'xxById' Method.
2023-02-21 16:33:32.203  INFO - o.a.coyote.http11.Http11NioProtocol      - [] : Starting ProtocolHandler ["http-nio-9999"]
2023-02-21 16:33:32.245  INFO - o.s.b.w.embedded.tomcat.TomcatWebServer  - [] : Tomcat started on port(s): 9999 (http) with context path ''
2023-02-21 16:33:32.258  INFO - cn.fly.LogApplication                    - [] : Started LogApplication in 3.641 seconds (JVM running for 4.942)
2023-02-21 16:33:38.025  INFO - o.a.c.c.C.[Tomcat].[localhost].[/]       - [] : Initializing Spring DispatcherServlet 'dispatcherServlet'
2023-02-21 16:33:38.027  INFO - o.s.web.servlet.DispatcherServlet        - [] : Initializing Servlet 'dispatcherServlet'
2023-02-21 16:33:38.030  INFO - o.s.web.servlet.DispatcherServlet        - [] : Completed initialization in 2 ms
2023-02-21 16:33:38.325  INFO - com.zaxxer.hikari.HikariDataSource       - [] : HikariPool-1 - Starting...
2023-02-21 16:33:38.790  INFO - com.zaxxer.hikari.HikariDataSource       - [] : HikariPool-1 - Start completed.
2023-02-21 16:34:35.051  INFO - com.zaxxer.hikari.HikariDataSource       - [] : HikariPool-1 - Shutdown initiated...
2023-02-21 16:34:35.063  INFO - com.zaxxer.hikari.HikariDataSource       - [] : HikariPool-1 - Shutdown completed.
2023-02-21 16:34:49.889  INFO - cn.fly.LogApplication                    - [] : Starting LogApplication using Java 1.8.0_65 on YR023-夏宇鑫 with PID 4332 (C:\Users\Administrator\Desktop\log-demo\target\classes started by Administrator in C:\Users\Administrator\Desktop\log-demo)
2023-02-21 16:34:49.894  INFO - cn.fly.LogApplication                    - [] : No active profile set, falling back to 1 default profile: "default"
2023-02-21 16:34:52.645  INFO - o.s.b.w.embedded.tomcat.TomcatWebServer  - [] : Tomcat initialized with port(s): 9999 (http)
2023-02-21 16:34:52.661  INFO - o.a.coyote.http11.Http11NioProtocol      - [] : Initializing ProtocolHandler ["http-nio-9999"]
2023-02-21 16:34:52.662  INFO - o.apache.catalina.core.StandardService   - [] : Starting service [Tomcat]
2023-02-21 16:34:52.663  INFO - org.apache.catalina.core.StandardEngine  - [] : Starting Servlet engine: [Apache Tomcat/9.0.64]
2023-02-21 16:34:53.231  INFO - o.a.c.c.C.[Tomcat].[localhost].[/]       - [] : Initializing Spring embedded WebApplicationContext
2023-02-21 16:34:53.232  INFO - w.s.c.ServletWebServerApplicationContext - [] : Root WebApplicationContext: initialization completed in 3208 ms
2023-02-21 16:34:55.232  WARN - c.b.m.core.metadata.TableInfoHelper      - [] : Can not find table primary key in Class: "cn.fly.logDemo.infoResolver.model.mysql.MysqlTables".
2023-02-21 16:34:55.247  WARN - c.b.m.core.injector.DefaultSqlInjector   - [] : class cn.fly.logDemo.infoResolver.model.mysql.MysqlTables ,Not found @TableId annotation, Cannot use Mybatis-Plus 'xxById' Method.
2023-02-21 16:34:55.972  INFO - o.a.coyote.http11.Http11NioProtocol      - [] : Starting ProtocolHandler ["http-nio-9999"]
2023-02-21 16:34:56.019  INFO - o.s.b.w.embedded.tomcat.TomcatWebServer  - [] : Tomcat started on port(s): 9999 (http) with context path ''
2023-02-21 16:34:56.035  INFO - cn.fly.LogApplication                    - [] : Started LogApplication in 7.316 seconds (JVM running for 8.784)
2023-02-21 16:35:01.573  INFO - o.a.c.c.C.[Tomcat].[localhost].[/]       - [] : Initializing Spring DispatcherServlet 'dispatcherServlet'
2023-02-21 16:35:01.574  INFO - o.s.web.servlet.DispatcherServlet        - [] : Initializing Servlet 'dispatcherServlet'
2023-02-21 16:35:01.575  INFO - o.s.web.servlet.DispatcherServlet        - [] : Completed initialization in 1 ms
2023-02-21 16:35:01.776  INFO - com.zaxxer.hikari.HikariDataSource       - [] : HikariPool-1 - Starting...
2023-02-21 16:35:02.248  INFO - com.zaxxer.hikari.HikariDataSource       - [] : HikariPool-1 - Start completed.
2023-02-21 16:35:02.262 DEBUG - c.f.l.i.d.M.selectTableInfo              - [] : ==>  Preparing: show full columns from hdjy_grdjb
2023-02-21 16:35:02.293 DEBUG - c.f.l.i.d.M.selectTableInfo              - [] : ==> Parameters: 
2023-02-21 16:35:02.357 DEBUG - c.f.l.i.d.M.selectTableInfo              - [] : <==      Total: 12
2023-02-21 16:43:04.248  INFO - com.zaxxer.hikari.HikariDataSource       - [] : HikariPool-1 - Shutdown initiated...
2023-02-21 16:43:04.258  INFO - com.zaxxer.hikari.HikariDataSource       - [] : HikariPool-1 - Shutdown completed.
2023-02-21 16:43:13.248  INFO - cn.fly.LogApplication                    - [] : Starting LogApplication using Java 1.8.0_65 on YR023-夏宇鑫 with PID 9748 (C:\Users\Administrator\Desktop\log-demo\target\classes started by Administrator in C:\Users\Administrator\Desktop\log-demo)
2023-02-21 16:43:13.335  INFO - cn.fly.LogApplication                    - [] : No active profile set, falling back to 1 default profile: "default"
2023-02-21 16:43:23.149  INFO - o.s.b.w.embedded.tomcat.TomcatWebServer  - [] : Tomcat initialized with port(s): 9999 (http)
2023-02-21 16:43:23.219  INFO - o.a.coyote.http11.Http11NioProtocol      - [] : Initializing ProtocolHandler ["http-nio-9999"]
2023-02-21 16:43:23.604  INFO - o.apache.catalina.core.StandardService   - [] : Starting service [Tomcat]
2023-02-21 16:43:23.606  INFO - org.apache.catalina.core.StandardEngine  - [] : Starting Servlet engine: [Apache Tomcat/9.0.64]
2023-02-21 16:43:24.182  INFO - o.a.c.c.C.[Tomcat].[localhost].[/]       - [] : Initializing Spring embedded WebApplicationContext
2023-02-21 16:43:24.182  INFO - w.s.c.ServletWebServerApplicationContext - [] : Root WebApplicationContext: initialization completed in 10212 ms
2023-02-21 16:43:25.492  WARN - c.b.m.core.metadata.TableInfoHelper      - [] : Can not find table primary key in Class: "cn.fly.logDemo.infoResolver.model.mysql.MysqlTables".
2023-02-21 16:43:25.501  WARN - c.b.m.core.injector.DefaultSqlInjector   - [] : class cn.fly.logDemo.infoResolver.model.mysql.MysqlTables ,Not found @TableId annotation, Cannot use Mybatis-Plus 'xxById' Method.
2023-02-21 16:43:26.264  INFO - o.a.coyote.http11.Http11NioProtocol      - [] : Starting ProtocolHandler ["http-nio-9999"]
2023-02-21 16:43:26.310  INFO - o.s.b.w.embedded.tomcat.TomcatWebServer  - [] : Tomcat started on port(s): 9999 (http) with context path ''
2023-02-21 16:43:26.325  INFO - cn.fly.LogApplication                    - [] : Started LogApplication in 14.856 seconds (JVM running for 15.973)
2023-02-21 16:43:53.519  INFO - o.a.c.c.C.[Tomcat].[localhost].[/]       - [] : Initializing Spring DispatcherServlet 'dispatcherServlet'
2023-02-21 16:43:53.519  INFO - o.s.web.servlet.DispatcherServlet        - [] : Initializing Servlet 'dispatcherServlet'
2023-02-21 16:43:53.520  INFO - o.s.web.servlet.DispatcherServlet        - [] : Completed initialization in 1 ms
2023-02-21 16:43:53.761  INFO - com.zaxxer.hikari.HikariDataSource       - [] : HikariPool-1 - Starting...
2023-02-21 16:43:53.981  INFO - com.zaxxer.hikari.HikariDataSource       - [] : HikariPool-1 - Start completed.
2023-02-21 16:43:53.991 DEBUG - c.f.l.i.dao.MysqlTableDao.selectList     - [] : ==>  Preparing: SELECT table__cata_log AS Table_CataLog,t_a_b_l_e__s_c_h_e_m_a AS TABLE_SCHEMA,t_a_b_l_e__n_a_m_e AS TABLE_NAME,t_a_b_l_e__t_y_p_e AS TABLE_TYPE,e_n_g_i_n_e,v_e_r_s_i_o_n,r_o_w__f_o_r_m_a_t AS ROW_FORMAT,c_r_e_a_t_e__t_i_m_e AS CREATE_TIME,t_a_b_l_e__c_o_m_m_e_n_t AS TABLE_COMMENT FROM information_schema.TABLES WHERE t_a_b_l_e__n_a_m_e=?
2023-02-21 16:43:54.035 DEBUG - c.f.l.i.dao.MysqlTableDao.selectList     - [] : ==> Parameters: hdjy_grdjb(String)
2023-02-21 16:43:54.163 ERROR - o.a.c.c.C.[.[.[/].[dispatcherServlet]    - [] : Servlet.service() for servlet [dispatcherServlet] in context with path [] threw exception [Request processing failed; nested exception is org.springframework.jdbc.BadSqlGrammarException: 
### Error querying database.  Cause: java.sql.SQLSyntaxErrorException: Unknown column 'table__cata_log' in 'field list'
### The error may exist in cn/fly/logDemo/infoResolver/dao/MysqlTableDao.java (best guess)
### The error may involve defaultParameterMap
### The error occurred while setting parameters
### SQL: SELECT  table__cata_log AS Table_CataLog,t_a_b_l_e__s_c_h_e_m_a AS TABLE_SCHEMA,t_a_b_l_e__n_a_m_e AS TABLE_NAME,t_a_b_l_e__t_y_p_e AS TABLE_TYPE,e_n_g_i_n_e,v_e_r_s_i_o_n,r_o_w__f_o_r_m_a_t AS ROW_FORMAT,c_r_e_a_t_e__t_i_m_e AS CREATE_TIME,t_a_b_l_e__c_o_m_m_e_n_t AS TABLE_COMMENT  FROM information_schema.TABLES     WHERE  t_a_b_l_e__n_a_m_e=?
### Cause: java.sql.SQLSyntaxErrorException: Unknown column 'table__cata_log' in 'field list'
; bad SQL grammar []; nested exception is java.sql.SQLSyntaxErrorException: Unknown column 'table__cata_log' in 'field list'] with root cause
java.sql.SQLSyntaxErrorException: Unknown column 'table__cata_log' in 'field list'
	at com.mysql.cj.jdbc.exceptions.SQLError.createSQLException(SQLError.java:120)
	at com.mysql.cj.jdbc.exceptions.SQLExceptionsMapping.translateException(SQLExceptionsMapping.java:122)
	at com.mysql.cj.jdbc.ClientPreparedStatement.executeInternal(ClientPreparedStatement.java:916)
	at com.mysql.cj.jdbc.ClientPreparedStatement.execute(ClientPreparedStatement.java:354)
	at com.zaxxer.hikari.pool.ProxyPreparedStatement.execute(ProxyPreparedStatement.java:44)
	at com.zaxxer.hikari.pool.HikariProxyPreparedStatement.execute(HikariProxyPreparedStatement.java)
	at sun.reflect.NativeMethodAccessorImpl.invoke0(Native Method)
	at sun.reflect.NativeMethodAccessorImpl.invoke(NativeMethodAccessorImpl.java:62)
	at sun.reflect.DelegatingMethodAccessorImpl.invoke(DelegatingMethodAccessorImpl.java:43)
	at java.lang.reflect.Method.invoke(Method.java:497)
	at org.apache.ibatis.logging.jdbc.PreparedStatementLogger.invoke(PreparedStatementLogger.java:59)
	at com.sun.proxy.$Proxy75.execute(Unknown Source)
	at org.apache.ibatis.executor.statement.PreparedStatementHandler.query(PreparedStatementHandler.java:64)
	at org.apache.ibatis.executor.statement.RoutingStatementHandler.query(RoutingStatementHandler.java:79)
	at org.apache.ibatis.executor.SimpleExecutor.doQuery(SimpleExecutor.java:63)
	at org.apache.ibatis.executor.BaseExecutor.queryFromDatabase(BaseExecutor.java:325)
	at org.apache.ibatis.executor.BaseExecutor.query(BaseExecutor.java:156)
	at org.apache.ibatis.executor.CachingExecutor.query(CachingExecutor.java:109)
	at org.apache.ibatis.executor.CachingExecutor.query(CachingExecutor.java:89)
	at org.apache.ibatis.session.defaults.DefaultSqlSession.selectList(DefaultSqlSession.java:151)
	at org.apache.ibatis.session.defaults.DefaultSqlSession.selectList(DefaultSqlSession.java:145)
	at org.apache.ibatis.session.defaults.DefaultSqlSession.selectList(DefaultSqlSession.java:140)
	at sun.reflect.NativeMethodAccessorImpl.invoke0(Native Method)
	at sun.reflect.NativeMethodAccessorImpl.invoke(NativeMethodAccessorImpl.java:62)
	at sun.reflect.DelegatingMethodAccessorImpl.invoke(DelegatingMethodAccessorImpl.java:43)
	at java.lang.reflect.Method.invoke(Method.java:497)
	at org.mybatis.spring.SqlSessionTemplate$SqlSessionInterceptor.invoke(SqlSessionTemplate.java:427)
	at com.sun.proxy.$Proxy59.selectList(Unknown Source)
	at org.mybatis.spring.SqlSessionTemplate.selectList(SqlSessionTemplate.java:224)
	at com.baomidou.mybatisplus.core.override.MybatisMapperMethod.executeForMany(MybatisMapperMethod.java:166)
	at com.baomidou.mybatisplus.core.override.MybatisMapperMethod.execute(MybatisMapperMethod.java:77)
	at com.baomidou.mybatisplus.core.override.MybatisMapperProxy$PlainMethodInvoker.invoke(MybatisMapperProxy.java:148)
	at com.baomidou.mybatisplus.core.override.MybatisMapperProxy.invoke(MybatisMapperProxy.java:89)
	at com.sun.proxy.$Proxy62.selectList(Unknown Source)
	at cn.fly.testController.TestController.tableInfoGet(TestController.java:39)
	at sun.reflect.NativeMethodAccessorImpl.invoke0(Native Method)
	at sun.reflect.NativeMethodAccessorImpl.invoke(NativeMethodAccessorImpl.java:62)
	at sun.reflect.DelegatingMethodAccessorImpl.invoke(DelegatingMethodAccessorImpl.java:43)
	at java.lang.reflect.Method.invoke(Method.java:497)
	at org.springframework.web.method.support.InvocableHandlerMethod.doInvoke(InvocableHandlerMethod.java:205)
	at org.springframework.web.method.support.InvocableHandlerMethod.invokeForRequest(InvocableHandlerMethod.java:150)
	at org.springframework.web.servlet.mvc.method.annotation.ServletInvocableHandlerMethod.invokeAndHandle(ServletInvocableHandlerMethod.java:117)
	at org.springframework.web.servlet.mvc.method.annotation.RequestMappingHandlerAdapter.invokeHandlerMethod(RequestMappingHandlerAdapter.java:895)
	at org.springframework.web.servlet.mvc.method.annotation.RequestMappingHandlerAdapter.handleInternal(RequestMappingHandlerAdapter.java:808)
	at org.springframework.web.servlet.mvc.method.AbstractHandlerMethodAdapter.handle(AbstractHandlerMethodAdapter.java:87)
	at org.springframework.web.servlet.DispatcherServlet.doDispatch(DispatcherServlet.java:1067)
	at org.springframework.web.servlet.DispatcherServlet.doService(DispatcherServlet.java:963)
	at org.springframework.web.servlet.FrameworkServlet.processRequest(FrameworkServlet.java:1006)
	at org.springframework.web.servlet.FrameworkServlet.doGet(FrameworkServlet.java:898)
	at javax.servlet.http.HttpServlet.service(HttpServlet.java:655)
	at org.springframework.web.servlet.FrameworkServlet.service(FrameworkServlet.java:883)
	at javax.servlet.http.HttpServlet.service(HttpServlet.java:764)
	at org.apache.catalina.core.ApplicationFilterChain.internalDoFilter(ApplicationFilterChain.java:227)
	at org.apache.catalina.core.ApplicationFilterChain.doFilter(ApplicationFilterChain.java:162)
	at org.apache.tomcat.websocket.server.WsFilter.doFilter(WsFilter.java:53)
	at org.apache.catalina.core.ApplicationFilterChain.internalDoFilter(ApplicationFilterChain.java:189)
	at org.apache.catalina.core.ApplicationFilterChain.doFilter(ApplicationFilterChain.java:162)
	at org.springframework.web.filter.RequestContextFilter.doFilterInternal(RequestContextFilter.java:100)
	at org.springframework.web.filter.OncePerRequestFilter.doFilter(OncePerRequestFilter.java:117)
	at org.apache.catalina.core.ApplicationFilterChain.internalDoFilter(ApplicationFilterChain.java:189)
	at org.apache.catalina.core.ApplicationFilterChain.doFilter(ApplicationFilterChain.java:162)
	at org.springframework.web.filter.FormContentFilter.doFilterInternal(FormContentFilter.java:93)
	at org.springframework.web.filter.OncePerRequestFilter.doFilter(OncePerRequestFilter.java:117)
	at org.apache.catalina.core.ApplicationFilterChain.internalDoFilter(ApplicationFilterChain.java:189)
	at org.apache.catalina.core.ApplicationFilterChain.doFilter(ApplicationFilterChain.java:162)
	at org.springframework.web.filter.CharacterEncodingFilter.doFilterInternal(CharacterEncodingFilter.java:201)
	at org.springframework.web.filter.OncePerRequestFilter.doFilter(OncePerRequestFilter.java:117)
	at org.apache.catalina.core.ApplicationFilterChain.internalDoFilter(ApplicationFilterChain.java:189)
	at org.apache.catalina.core.ApplicationFilterChain.doFilter(ApplicationFilterChain.java:162)
	at org.apache.catalina.core.StandardWrapperValve.invoke(StandardWrapperValve.java:197)
	at org.apache.catalina.core.StandardContextValve.invoke(StandardContextValve.java:97)
	at org.apache.catalina.authenticator.AuthenticatorBase.invoke(AuthenticatorBase.java:541)
	at org.apache.catalina.core.StandardHostValve.invoke(StandardHostValve.java:135)
	at org.apache.catalina.valves.ErrorReportValve.invoke(ErrorReportValve.java:92)
	at org.apache.catalina.core.StandardEngineValve.invoke(StandardEngineValve.java:78)
	at org.apache.catalina.connector.CoyoteAdapter.service(CoyoteAdapter.java:360)
	at org.apache.coyote.http11.Http11Processor.service(Http11Processor.java:399)
	at org.apache.coyote.AbstractProcessorLight.process(AbstractProcessorLight.java:65)
	at org.apache.coyote.AbstractProtocol$ConnectionHandler.process(AbstractProtocol.java:890)
	at org.apache.tomcat.util.net.NioEndpoint$SocketProcessor.doRun(NioEndpoint.java:1787)
	at org.apache.tomcat.util.net.SocketProcessorBase.run(SocketProcessorBase.java:49)
	at org.apache.tomcat.util.threads.ThreadPoolExecutor.runWorker(ThreadPoolExecutor.java:1191)
	at org.apache.tomcat.util.threads.ThreadPoolExecutor$Worker.run(ThreadPoolExecutor.java:659)
	at org.apache.tomcat.util.threads.TaskThread$WrappingRunnable.run(TaskThread.java:61)
	at java.lang.Thread.run(Thread.java:745)
2023-02-21 16:46:14.311  INFO - com.zaxxer.hikari.HikariDataSource       - [] : HikariPool-1 - Shutdown initiated...
2023-02-21 16:46:14.320  INFO - com.zaxxer.hikari.HikariDataSource       - [] : HikariPool-1 - Shutdown completed.
2023-02-21 16:46:31.687  INFO - cn.fly.LogApplication                    - [] : Starting LogApplication using Java 1.8.0_65 on YR023-夏宇鑫 with PID 1576 (C:\Users\Administrator\Desktop\log-demo\target\classes started by Administrator in C:\Users\Administrator\Desktop\log-demo)
2023-02-21 16:46:31.693  INFO - cn.fly.LogApplication                    - [] : No active profile set, falling back to 1 default profile: "default"
2023-02-21 16:46:34.055  INFO - o.s.b.w.embedded.tomcat.TomcatWebServer  - [] : Tomcat initialized with port(s): 9999 (http)
2023-02-21 16:46:34.070  INFO - o.a.coyote.http11.Http11NioProtocol      - [] : Initializing ProtocolHandler ["http-nio-9999"]
2023-02-21 16:46:34.071  INFO - o.apache.catalina.core.StandardService   - [] : Starting service [Tomcat]
2023-02-21 16:46:34.072  INFO - org.apache.catalina.core.StandardEngine  - [] : Starting Servlet engine: [Apache Tomcat/9.0.64]
2023-02-21 16:46:34.283  INFO - o.a.c.c.C.[Tomcat].[localhost].[/]       - [] : Initializing Spring embedded WebApplicationContext
2023-02-21 16:46:34.283  INFO - w.s.c.ServletWebServerApplicationContext - [] : Root WebApplicationContext: initialization completed in 2132 ms
2023-02-21 16:46:35.069  WARN - c.b.m.core.metadata.TableInfoHelper      - [] : Can not find table primary key in Class: "cn.fly.logDemo.infoResolver.model.mysql.MysqlTables".
2023-02-21 16:46:35.078  WARN - c.b.m.core.injector.DefaultSqlInjector   - [] : class cn.fly.logDemo.infoResolver.model.mysql.MysqlTables ,Not found @TableId annotation, Cannot use Mybatis-Plus 'xxById' Method.
2023-02-21 16:46:35.659  INFO - o.a.coyote.http11.Http11NioProtocol      - [] : Starting ProtocolHandler ["http-nio-9999"]
2023-02-21 16:46:35.684  INFO - o.s.b.w.embedded.tomcat.TomcatWebServer  - [] : Tomcat started on port(s): 9999 (http) with context path ''
2023-02-21 16:46:35.698  INFO - cn.fly.LogApplication                    - [] : Started LogApplication in 9.03 seconds (JVM running for 13.85)
2023-02-21 16:46:40.455  INFO - o.a.c.c.C.[Tomcat].[localhost].[/]       - [] : Initializing Spring DispatcherServlet 'dispatcherServlet'
2023-02-21 16:46:40.456  INFO - o.s.web.servlet.DispatcherServlet        - [] : Initializing Servlet 'dispatcherServlet'
2023-02-21 16:46:40.457  INFO - o.s.web.servlet.DispatcherServlet        - [] : Completed initialization in 1 ms
2023-02-21 16:46:40.666  INFO - com.zaxxer.hikari.HikariDataSource       - [] : HikariPool-1 - Starting...
2023-02-21 16:46:41.139  INFO - com.zaxxer.hikari.HikariDataSource       - [] : HikariPool-1 - Start completed.
2023-02-21 16:46:41.148 DEBUG - c.f.l.i.dao.MysqlTableDao.selectList     - [] : ==>  Preparing: SELECT Table_CataLog,TABLE_SCHEMA,TABLE_NAME,TABLE_TYPE,ENGINE,VERSION,ROW_FORMAT,CREATE_TIME,TABLE_COMMENT FROM information_schema.TABLES WHERE TABLE_NAME=?
2023-02-21 16:46:41.191 DEBUG - c.f.l.i.dao.MysqlTableDao.selectList     - [] : ==> Parameters: hdjy_grdjb(String)
2023-02-21 16:46:41.269 DEBUG - c.f.l.i.dao.MysqlTableDao.selectList     - [] : <==      Total: 5
