2023-03-01 16:22:38.598  INFO - cn.fly.LogApplication                    - [] : Starting LogApplication using Java 17.0.2 on YR023-夏宇鑫 with PID 9148 (C:\Users\Administrator\Desktop\log-demo\target\classes started by Administrator in C:\Users\Administrator\Desktop\log-demo)
2023-03-01 16:22:38.611  INFO - cn.fly.LogApplication                    - [] : No active profile set, falling back to 1 default profile: "default"
2023-03-01 16:22:42.134  INFO - o.s.b.w.embedded.tomcat.TomcatWebServer  - [] : Tomcat initialized with port(s): 9999 (http)
2023-03-01 16:22:42.147  INFO - o.a.coyote.http11.Http11NioProtocol      - [] : Initializing ProtocolHandler ["http-nio-9999"]
2023-03-01 16:22:42.148  INFO - o.apache.catalina.core.StandardService   - [] : Starting service [Tomcat]
2023-03-01 16:22:42.149  INFO - org.apache.catalina.core.StandardEngine  - [] : Starting Servlet engine: [Apache Tomcat/9.0.64]
2023-03-01 16:22:42.329  INFO - o.a.c.c.C.[Tomcat].[localhost].[/]       - [] : Initializing Spring embedded WebApplicationContext
2023-03-01 16:22:42.330  INFO - w.s.c.ServletWebServerApplicationContext - [] : Root WebApplicationContext: initialization completed in 3557 ms
2023-03-01 16:22:43.214  INFO - cn.fly.logDemo.LogEventThread            - [] : Disruptor: initialization completed
2023-03-01 16:22:43.694  WARN - c.b.m.core.metadata.TableInfoHelper      - [] : Can not find table primary key in Class: "cn.fly.logDemo.infoResolver.model.mysql.MysqlTables".
2023-03-01 16:22:43.702  WARN - c.b.m.core.injector.DefaultSqlInjector   - [] : class cn.fly.logDemo.infoResolver.model.mysql.MysqlTables ,Not found @TableId annotation, Cannot use Mybatis-Plus 'xxById' Method.
2023-03-01 16:22:44.902  INFO - o.s.b.a.e.web.EndpointLinksResolver      - [] : Exposing 14 endpoint(s) beneath base path '/actuator'
2023-03-01 16:22:45.069  WARN - c.b.m.core.metadata.TableInfoHelper      - [] : Can not find table primary key in Class: "cn.fly.logDemo.infoResolver.model.logTable.TableFieldValue".
2023-03-01 16:22:45.069  WARN - c.b.m.core.injector.DefaultSqlInjector   - [] : class cn.fly.logDemo.infoResolver.model.logTable.TableFieldValue ,Not found @TableId annotation, Cannot use Mybatis-Plus 'xxById' Method.
2023-03-01 16:22:45.142  INFO - o.a.coyote.http11.Http11NioProtocol      - [] : Starting ProtocolHandler ["http-nio-9999"]
2023-03-01 16:22:45.186  INFO - o.s.b.w.embedded.tomcat.TomcatWebServer  - [] : Tomcat started on port(s): 9999 (http) with context path ''
2023-03-01 16:22:45.217  INFO - cn.fly.LogApplication                    - [] : Started LogApplication in 7.577 seconds (JVM running for 9.129)
2023-03-01 16:22:45.900  INFO - o.a.c.c.C.[Tomcat].[localhost].[/]       - [] : Initializing Spring DispatcherServlet 'dispatcherServlet'
2023-03-01 16:22:45.901  INFO - o.s.web.servlet.DispatcherServlet        - [] : Initializing Servlet 'dispatcherServlet'
2023-03-01 16:22:45.903  INFO - o.s.web.servlet.DispatcherServlet        - [] : Completed initialization in 2 ms
2023-03-01 16:22:45.926  INFO - com.zaxxer.hikari.HikariDataSource       - [] : HikariPool-1 - Starting...
2023-03-01 16:22:47.260  INFO - com.zaxxer.hikari.HikariDataSource       - [] : HikariPool-1 - Start completed.
2023-03-01 16:28:43.385  INFO - com.zaxxer.hikari.HikariDataSource       - [] : HikariPool-1 - Shutdown initiated...
2023-03-01 16:28:43.467  INFO - com.zaxxer.hikari.HikariDataSource       - [] : HikariPool-1 - Shutdown completed.
2023-03-01 16:28:49.926  INFO - cn.fly.LogApplication                    - [] : Starting LogApplication using Java 17.0.2 on YR023-夏宇鑫 with PID 9224 (C:\Users\Administrator\Desktop\log-demo\target\classes started by Administrator in C:\Users\Administrator\Desktop\log-demo)
2023-03-01 16:28:49.930  INFO - cn.fly.LogApplication                    - [] : No active profile set, falling back to 1 default profile: "default"
2023-03-01 16:28:51.895  INFO - o.s.b.w.embedded.tomcat.TomcatWebServer  - [] : Tomcat initialized with port(s): 9999 (http)
2023-03-01 16:28:51.908  INFO - o.a.coyote.http11.Http11NioProtocol      - [] : Initializing ProtocolHandler ["http-nio-9999"]
2023-03-01 16:28:51.909  INFO - o.apache.catalina.core.StandardService   - [] : Starting service [Tomcat]
2023-03-01 16:28:51.910  INFO - org.apache.catalina.core.StandardEngine  - [] : Starting Servlet engine: [Apache Tomcat/9.0.64]
2023-03-01 16:28:52.062  INFO - o.a.c.c.C.[Tomcat].[localhost].[/]       - [] : Initializing Spring embedded WebApplicationContext
2023-03-01 16:28:52.063  INFO - w.s.c.ServletWebServerApplicationContext - [] : Root WebApplicationContext: initialization completed in 2050 ms
2023-03-01 16:28:52.458  INFO - cn.fly.logDemo.LogEventThread            - [] : Disruptor: initialization completed
2023-03-01 16:28:52.717  WARN - c.b.m.core.metadata.TableInfoHelper      - [] : Can not find table primary key in Class: "cn.fly.logDemo.infoResolver.model.mysql.MysqlTables".
2023-03-01 16:28:52.727  WARN - c.b.m.core.injector.DefaultSqlInjector   - [] : class cn.fly.logDemo.infoResolver.model.mysql.MysqlTables ,Not found @TableId annotation, Cannot use Mybatis-Plus 'xxById' Method.
2023-03-01 16:28:53.649  INFO - o.s.b.a.e.web.EndpointLinksResolver      - [] : Exposing 15 endpoint(s) beneath base path '/actuator'
2023-03-01 16:28:53.756  WARN - c.b.m.core.metadata.TableInfoHelper      - [] : Can not find table primary key in Class: "cn.fly.logDemo.infoResolver.model.logTable.TableFieldValue".
2023-03-01 16:28:53.756  WARN - c.b.m.core.injector.DefaultSqlInjector   - [] : class cn.fly.logDemo.infoResolver.model.logTable.TableFieldValue ,Not found @TableId annotation, Cannot use Mybatis-Plus 'xxById' Method.
2023-03-01 16:28:53.813  INFO - o.a.coyote.http11.Http11NioProtocol      - [] : Starting ProtocolHandler ["http-nio-9999"]
2023-03-01 16:28:53.844  INFO - o.s.b.w.embedded.tomcat.TomcatWebServer  - [] : Tomcat started on port(s): 9999 (http) with context path ''
2023-03-01 16:28:53.867  INFO - cn.fly.LogApplication                    - [] : Started LogApplication in 4.625 seconds (JVM running for 5.53)
2023-03-01 16:28:54.356  INFO - o.a.c.c.C.[Tomcat].[localhost].[/]       - [] : Initializing Spring DispatcherServlet 'dispatcherServlet'
2023-03-01 16:28:54.356  INFO - o.s.web.servlet.DispatcherServlet        - [] : Initializing Servlet 'dispatcherServlet'
2023-03-01 16:28:54.358  INFO - o.s.web.servlet.DispatcherServlet        - [] : Completed initialization in 2 ms
2023-03-01 16:28:54.361  INFO - com.zaxxer.hikari.HikariDataSource       - [] : HikariPool-1 - Starting...
2023-03-01 16:28:54.848  INFO - com.zaxxer.hikari.HikariDataSource       - [] : HikariPool-1 - Start completed.
